<?xml version="1.0" encoding="UTF-8"?>
<!-- Generated by org.testng.reporters.JUnitXMLReporter -->
<testsuite hostname="hp" ignored="5" name="Default test" tests="1" failures="0" timestamp="2025-01-13T22:43:49 IST" time="0.438" errors="0">
  <testcase name="@BeforeTest setUp" time="-1.736788428651E9" classname="com.cart.base.BaseTest">
    <failure type="org.testng.TestNGException" message="
Parameter &amp;apos;browser&amp;apos; is required by BeforeTest on method setUp but has not been marked @Optional or defined
in C:\Users\h\AppData\Local\Temp\testng-eclipse-1644429651\testng-customsuite.xml">
      <![CDATA[org.testng.TestNGException: 
Parameter 'browser' is required by BeforeTest on method setUp but has not been marked @Optional or defined
in C:\Users\h\AppData\Local\Temp\testng-eclipse-1644429651\testng-customsuite.xml
at org.testng.internal.Parameters.createParams(Parameters.java:268)
at org.testng.internal.Parameters.createParametersForMethod(Parameters.java:356)
at org.testng.internal.Parameters.createParameters(Parameters.java:700)
at org.testng.internal.Parameters.createConfigurationParameters(Parameters.java:166)
at org.testng.internal.ConfigInvoker.invokeConfigurations(ConfigInvoker.java:301)
at org.testng.TestRunner.invokeTestConfigurations(TestRunner.java:617)
at org.testng.TestRunner.beforeRun(TestRunner.java:607)
at org.testng.TestRunner.run(TestRunner.java:578)
at org.testng.SuiteRunner.runTest(SuiteRunner.java:384)
at org.testng.SuiteRunner.runSequentially(SuiteRunner.java:378)
at org.testng.SuiteRunner.privateRun(SuiteRunner.java:337)
at org.testng.SuiteRunner.run(SuiteRunner.java:286)
at org.testng.SuiteRunnerWorker.runSuite(SuiteRunnerWorker.java:53)
at org.testng.SuiteRunnerWorker.run(SuiteRunnerWorker.java:96)
at org.testng.TestNG.runSuitesSequentially(TestNG.java:1218)
at org.testng.TestNG.runSuitesLocally(TestNG.java:1140)
at org.testng.TestNG.runSuites(TestNG.java:1069)
at org.testng.TestNG.run(TestNG.java:1037)
at org.testng.remote.AbstractRemoteTestNG.run(AbstractRemoteTestNG.java:115)
at org.testng.remote.RemoteTestNG.initAndRun(RemoteTestNG.java:251)
at org.testng.remote.RemoteTestNG.main(RemoteTestNG.java:77)
]]>
    </failure>
  </testcase> <!-- @BeforeTest setUp -->
  <testcase name="@AfterClass tearDown" time="-1.736788429048E9" classname="com.cart.base.BaseTest">
    <skipped/>
  </testcase> <!-- @AfterClass tearDown -->
  <testcase name="TC_006" time="0.0" classname="com.cart.testcases.accesoriestests.AccesoriesTest">
    <skipped/>
  </testcase> <!-- TC_006 -->
  <testcase name="TC_004" time="0.0" classname="com.cart.testcases.accesoriestests.AccesoriesTest">
    <ignored/>
  </testcase> <!-- TC_004 -->
  <testcase name="TC_003" time="0.0" classname="com.cart.testcases.accesoriestests.AccesoriesTest">
    <ignored/>
  </testcase> <!-- TC_003 -->
  <testcase name="TC_002" time="0.0" classname="com.cart.testcases.accesoriestests.AccesoriesTest">
    <ignored/>
  </testcase> <!-- TC_002 -->
  <testcase name="TC_001" time="0.0" classname="com.cart.testcases.accesoriestests.AccesoriesTest">
    <ignored/>
  </testcase> <!-- TC_001 -->
  <testcase name="TC_005" time="0.0" classname="com.cart.testcases.accesoriestests.AccesoriesTest">
    <ignored/>
  </testcase> <!-- TC_005 -->
</testsuite> <!-- Default test -->
