<?xml version="1.0" encoding="UTF-8"?>
<testng-results skipped="0" failed="0" ignored="5" total="6" passed="1">
  <reporter-output>
  </reporter-output>
  <suite name="Suite" duration-ms="18918" started-at="2025-01-13T22:53:13 IST" finished-at="2025-01-13T22:53:32 IST">
    <groups>
    </groups>
    <test name="Accessories Test" duration-ms="18918" started-at="2025-01-13T22:53:13 IST" finished-at="2025-01-13T22:53:32 IST">
      <class name="com.cart.testcases.accesoriestests.AccesoriesTest">
        <test-method status="PASS" signature="setUp(java.lang.String)[pri:0, instance:com.cart.testcases.accesoriestests.AccesoriesTest@345965f2]" name="setUp" is-config="true" duration-ms="12932" started-at="2025-01-13T22:53:13 IST" finished-at="2025-01-13T22:53:26 IST">
          <params>
            <param index="0">
              <value>
                <![CDATA[chrome]]>
              </value>
            </param>
          </params>
          <reporter-output>
          </reporter-output>
        </test-method> <!-- setUp -->
        <test-method status="PASS" signature="TC_006()[pri:6, instance:com.cart.testcases.accesoriestests.AccesoriesTest@345965f2]" name="TC_006" duration-ms="5859" started-at="2025-01-13T22:53:26 IST" description="Filter the product based on slider fileration" finished-at="2025-01-13T22:53:32 IST">
          <reporter-output>
          </reporter-output>
        </test-method> <!-- TC_006 -->
        <test-method status="PASS" signature="tearDown()[pri:0, instance:com.cart.testcases.accesoriestests.AccesoriesTest@345965f2]" name="tearDown" is-config="true" duration-ms="0" started-at="2025-01-13T22:53:32 IST" finished-at="2025-01-13T22:53:32 IST">
          <reporter-output>
          </reporter-output>
        </test-method> <!-- tearDown -->
      </class> <!-- com.cart.testcases.accesoriestests.AccesoriesTest -->
    </test> <!-- Accessories Test -->
  </suite> <!-- Suite -->
</testng-results>
