<?xml version="1.0" encoding="UTF-8"?>
<testng-results skipped="0" failed="0" ignored="4" total="5" passed="1">
  <reporter-output>
  </reporter-output>
  <suite name="Suite" duration-ms="34425" started-at="2025-01-20T22:42:57 IST" finished-at="2025-01-20T22:43:32 IST">
    <groups>
    </groups>
    <test name="Cart Page Test" duration-ms="34425" started-at="2025-01-20T22:42:57 IST" finished-at="2025-01-20T22:43:32 IST">
      <class name="com.cart.testcases.CartPageTests">
        <test-method status="PASS" signature="setUp(java.lang.String)[pri:0, instance:com.cart.testcases.CartPageTests@5a4aa2f2]" name="setUp" is-config="true" duration-ms="13730" started-at="2025-01-20T22:42:57 IST" finished-at="2025-01-20T22:43:11 IST">
          <params>
            <param index="0">
              <value>
                <![CDATA[chrome]]>
              </value>
            </param>
          </params>
          <reporter-output>
          </reporter-output>
        </test-method> <!-- setUp -->
        <test-method status="PASS" signature="TC005()[pri:4, instance:com.cart.testcases.CartPageTests@5a4aa2f2]" name="TC005" duration-ms="20520" started-at="2025-01-20T22:43:11 IST" description="Update cart details." finished-at="2025-01-20T22:43:32 IST">
          <reporter-output>
          </reporter-output>
        </test-method> <!-- TC005 -->
        <test-method status="PASS" signature="tearDown()[pri:0, instance:com.cart.testcases.CartPageTests@5a4aa2f2]" name="tearDown" is-config="true" duration-ms="1" started-at="2025-01-20T22:43:32 IST" finished-at="2025-01-20T22:43:32 IST">
          <reporter-output>
          </reporter-output>
        </test-method> <!-- tearDown -->
      </class> <!-- com.cart.testcases.CartPageTests -->
    </test> <!-- Cart Page Test -->
  </suite> <!-- Suite -->
</testng-results>
