<?xml version="1.0" encoding="UTF-8"?>
<!-- Generated by org.testng.reporters.JUnitXMLReporter -->
<testsuite hostname="hp" ignored="0" name="Accessories Test" tests="5" failures="0" timestamp="2025-01-09T23:02:41 IST" time="25.719" errors="0">
  <testcase name="TC_001" time="8.334" classname="com.cart.testcases.accesoriestests.AccesoriesTest"/>
  <testcase name="TC_002" time="2.652" classname="com.cart.testcases.accesoriestests.AccesoriesTest"/>
  <testcase name="TC_003" time="4.885" classname="com.cart.testcases.accesoriestests.AccesoriesTest"/>
  <testcase name="TC_004" time="2.829" classname="com.cart.testcases.accesoriestests.AccesoriesTest"/>
  <testcase name="TC_005" time="2.147" classname="com.cart.testcases.accesoriestests.AccesoriesTest"/>
</testsuite> <!-- Accessories Test -->
