<?xml version="1.0" encoding="UTF-8"?>
<!-- Generated by org.testng.reporters.JUnitXMLReporter -->
<testsuite hostname="hp" ignored="7" name="Accessories Test" tests="1" failures="0" timestamp="2025-01-19T10:58:09 IST" time="28.679" errors="0">
  <testcase name="TC_008" time="12.812" classname="com.cart.testcases.accesoriestests.AccesoriesTest"/>
  <testcase name="TC_004" time="0.0" classname="com.cart.testcases.accesoriestests.AccesoriesTest">
    <ignored/>
  </testcase> <!-- TC_004 -->
  <testcase name="TC_003" time="0.0" classname="com.cart.testcases.accesoriestests.AccesoriesTest">
    <ignored/>
  </testcase> <!-- TC_003 -->
  <testcase name="TC_002" time="0.0" classname="com.cart.testcases.accesoriestests.AccesoriesTest">
    <ignored/>
  </testcase> <!-- TC_002 -->
  <testcase name="TC_001" time="0.0" classname="com.cart.testcases.accesoriestests.AccesoriesTest">
    <ignored/>
  </testcase> <!-- TC_001 -->
  <testcase name="TC_007" time="0.0" classname="com.cart.testcases.accesoriestests.AccesoriesTest">
    <ignored/>
  </testcase> <!-- TC_007 -->
  <testcase name="TC_006" time="0.0" classname="com.cart.testcases.accesoriestests.AccesoriesTest">
    <ignored/>
  </testcase> <!-- TC_006 -->
  <testcase name="TC_005" time="0.0" classname="com.cart.testcases.accesoriestests.AccesoriesTest">
    <ignored/>
  </testcase> <!-- TC_005 -->
</testsuite> <!-- Accessories Test -->
