<?xml version="1.0" encoding="UTF-8"?>
<!-- Generated by org.testng.reporters.JUnitXMLReporter -->
<testsuite hostname="hp" ignored="8" name="Cart Page Test" tests="1" failures="0" timestamp="2025-01-24T21:45:27 IST" time="25.258" errors="0">
  <testcase name="TC009" time="16.785" classname="com.cart.testcases.CartPageTests"/>
  <testcase name="TC002" time="0.0" classname="com.cart.testcases.CartPageTests">
    <ignored/>
  </testcase> <!-- TC002 -->
  <testcase name="TC007" time="0.0" classname="com.cart.testcases.CartPageTests">
    <ignored/>
  </testcase> <!-- TC007 -->
  <testcase name="TC001_add3LowestPriceItemsToCartWith" time="0.0" classname="com.cart.testcases.CartPageTests">
    <ignored/>
  </testcase> <!-- TC001_add3LowestPriceItemsToCartWith -->
  <testcase name="TC008" time="0.0" classname="com.cart.testcases.CartPageTests">
    <ignored/>
  </testcase> <!-- TC008 -->
  <testcase name="TC003" time="0.0" classname="com.cart.testcases.CartPageTests">
    <ignored/>
  </testcase> <!-- TC003 -->
  <testcase name="TC005" time="0.0" classname="com.cart.testcases.CartPageTests">
    <ignored/>
  </testcase> <!-- TC005 -->
  <testcase name="TC004" time="0.0" classname="com.cart.testcases.CartPageTests">
    <ignored/>
  </testcase> <!-- TC004 -->
  <testcase name="TC006" time="0.0" classname="com.cart.testcases.CartPageTests">
    <ignored/>
  </testcase> <!-- TC006 -->
</testsuite> <!-- Cart Page Test -->
