<?xml version="1.0" encoding="UTF-8"?>
<!-- Generated by org.testng.reporters.JUnitXMLReporter -->
<testsuite hostname="hp" ignored="1" name="Cart Page Test" tests="1" failures="0" timestamp="2025-01-19T13:04:16 IST" time="26.549" errors="0">
  <testcase name="TC002" time="17.662" classname="com.cart.testcases.CartPageTests"/>
  <testcase name="TC001_add3LowestPriceItemsToCartWith" time="0.0" classname="com.cart.testcases.CartPageTests">
    <ignored/>
  </testcase> <!-- TC001_add3LowestPriceItemsToCartWith -->
</testsuite> <!-- Cart Page Test -->
