<?xml version="1.0" encoding="UTF-8"?>
<!-- Generated by org.testng.reporters.JUnitXMLReporter -->
<testsuite hostname="hp" ignored="2" name="Checkout page tests" tests="1" failures="0" timestamp="2025-02-01T12:27:45 IST" time="29.516" errors="0">
  <testcase name="TC003" time="19.172" classname="com.cart.testcases.CheckOutPageTest"/>
  <testcase name="TC002" time="0.0" classname="com.cart.testcases.CheckOutPageTest">
    <ignored/>
  </testcase> <!-- TC002 -->
  <testcase name="TC001" time="0.0" classname="com.cart.testcases.CheckOutPageTest">
    <ignored/>
  </testcase> <!-- TC001 -->
</testsuite> <!-- Checkout page tests -->
