<?xml version="1.0" encoding="UTF-8"?>
<!-- Generated by org.testng.reporters.JUnitXMLReporter -->
<testsuite hostname="hp" ignored="1" name="E-Banking Test" tests="3" failures="0" timestamp="2023-05-09T22:28:47 IST" time="24.791" errors="0">
  <testcase name="doLoginInCart" time="3.169" classname="com.inetbanking.testcases.TC0002_LoginTest"/>
  <testcase name="addToCartTest" time="11.021" classname="com.inetbanking.testcases.TC0003_AddToCartTest"/>
  <testcase name="purchaceProductTest" time="2.518" classname="com.inetbanking.testcases.TC0003_AddToCartTest"/>
  <testcase name="@BeforeTest setUp" time="0.0" classname="com.inetbanking.testcases.TestBase">
    <ignored/>
  </testcase> <!-- @BeforeTest setUp -->
</testsuite> <!-- E-Banking Test -->
