<?xml version="1.0" encoding="UTF-8"?>
<!-- Generated by org.testng.reporters.JUnitXMLReporter -->
<testsuite hostname="hp" ignored="0" name="E-Banking Test" tests="1" failures="1" timestamp="2023-04-23T14:23:20 IST" time="11.171" errors="0">
  <testcase name="TC0001_RegistrationTestCase" time="3.424" classname="com.inetbanking.testcases.TC0001_RegistrationTest">
    <failure type="com.inetbanking.utilities.MyException" message="Failed to do registration">
      <![CDATA[com.inetbanking.utilities.MyException: Failed to do registration
at com.inetbanking.testcases.TC0001_RegistrationTest.TC0001_RegistrationTestCase(TC0001_RegistrationTest.java:19)
at java.util.ArrayList.forEach(ArrayList.java:1259)
... Removed 27 stack frames]]>
    </failure>
  </testcase> <!-- TC0001_RegistrationTestCase -->
</testsuite> <!-- E-Banking Test -->
