<?xml version="1.0" encoding="UTF-8"?>
<!-- Generated by org.testng.reporters.JUnitXMLReporter -->
<testsuite hostname="hp" ignored="0" name="Store Page test cases" tests="1" failures="0" timestamp="2025-01-05T13:08:01 IST" time="5.668" errors="0">
  <testcase name="@BeforeTest setUp" time="5.641" classname="com.cart.base.TestBase">
    <failure type="java.lang.Error" message="Unresolved compilation problem: 
	Implicit super constructor BasePage() is undefined. Must explicitly invoke another constructor
">
      <![CDATA[java.lang.Error: Unresolved compilation problem: 
Implicit super constructor BasePage() is undefined. Must explicitly invoke another constructor

at com.cart.pages.RegistrationPage.<init>(RegistrationPage.java:12)
at com.cart.base.TestBase.setUp(TestBase.java:95)
... Removed 24 stack frames]]>
    </failure>
  </testcase> <!-- @BeforeTest setUp -->
  <testcase name="@AfterClass tearDown" time="-1.736062681451E9" classname="com.cart.base.TestBase">
    <skipped/>
  </testcase> <!-- @AfterClass tearDown -->
  <testcase name="TC001_add3LowestPriceItemsToCartWith" time="0.0" classname="com.cart.testcases.storePageTests.StorePageTests">
    <skipped/>
  </testcase> <!-- TC001_add3LowestPriceItemsToCartWith -->
</testsuite> <!-- Store Page test cases -->
